[2020/05/02 20:03:25] [SEARCH] 検索件数(QUERY)："SELECT COLUMN_NAME, COLUMN_COMMENT FROM INFORMATION_SCHEMA.COLUMNS WHERE TABLE_SCHEMA = 'webstyle2_noveltybox_new' AND TABLE_NAME = 'originalform_ideabook'"
[2020/05/02 20:03:25] [SEARCH] [originalform_ideabook]検索："SELECT * FROM `originalform_ideabook` ORDER BY `ID` ASC LIMIT 50 OFFSET 0"
[2020/05/02 20:03:25] [SEARCH] [originalform_ideabook]検索件数(SELECT)："SELECT COUNT(*) FROM `originalform_ideabook`"
[2020/05/02 20:03:44] [SEARCH] 検索件数(QUERY)："SELECT COLUMN_NAME, COLUMN_COMMENT FROM INFORMATION_SCHEMA.COLUMNS WHERE TABLE_SCHEMA = 'webstyle2_noveltybox_new' AND TABLE_NAME = 'originalform_ideabook'"
[2020/05/02 20:03:44] [SEARCH] [originalform_ideabook]検索："SELECT * FROM `originalform_ideabook` WHERE `dt_created` >= '2020-05-01 00:00:00' ORDER BY `ID` ASC LIMIT 50 OFFSET 0"
[2020/05/02 20:03:44] [SEARCH] [originalform_ideabook]検索件数(SELECT)："SELECT COUNT(*) FROM `originalform_ideabook` WHERE `dt_created` >= '2020-05-01 00:00:00'"
[2020/05/02 20:03:47] [SEARCH] 検索件数(QUERY)："SELECT COLUMN_NAME, COLUMN_COMMENT FROM INFORMATION_SCHEMA.COLUMNS WHERE TABLE_SCHEMA = 'webstyle2_noveltybox_new' AND TABLE_NAME = 'originalform_ideabook'"
[2020/05/02 20:03:47] [SEARCH] [originalform_ideabook]検索："SELECT * FROM `originalform_ideabook` ORDER BY `ID` ASC LIMIT 50 OFFSET 0"
[2020/05/02 20:03:47] [SEARCH] [originalform_ideabook]検索件数(SELECT)："SELECT COUNT(*) FROM `originalform_ideabook`"
[2020/05/02 20:03:50] [SEARCH] 検索件数(QUERY)："SELECT COLUMN_NAME, COLUMN_COMMENT FROM INFORMATION_SCHEMA.COLUMNS WHERE TABLE_SCHEMA = 'webstyle2_noveltybox_new' AND TABLE_NAME = 'originalform_ideabook'"
[2020/05/02 20:03:50] [SEARCH] [originalform_ideabook]検索："SELECT * FROM `originalform_ideabook` WHERE `dt_created` <= '2020-05-01 23:59:59' ORDER BY `ID` ASC LIMIT 50 OFFSET 0"
[2020/05/02 20:03:50] [SEARCH] [originalform_ideabook]検索件数(SELECT)："SELECT COUNT(*) FROM `originalform_ideabook` WHERE `dt_created` <= '2020-05-01 23:59:59'"
[2020/05/02 20:03:53] [SEARCH] 検索件数(QUERY)："SELECT COLUMN_NAME, COLUMN_COMMENT FROM INFORMATION_SCHEMA.COLUMNS WHERE TABLE_SCHEMA = 'webstyle2_noveltybox_new' AND TABLE_NAME = 'originalform_ideabook'"
[2020/05/02 20:03:53] [SEARCH] [originalform_ideabook]検索："SELECT * FROM `originalform_ideabook` ORDER BY `ID` ASC LIMIT 50 OFFSET 0"
[2020/05/02 20:03:53] [SEARCH] [originalform_ideabook]検索件数(SELECT)："SELECT COUNT(*) FROM `originalform_ideabook`"
[2020/05/02 20:03:58] [SEARCH] 検索件数(QUERY)："SELECT COLUMN_NAME, COLUMN_COMMENT FROM INFORMATION_SCHEMA.COLUMNS WHERE TABLE_SCHEMA = 'webstyle2_noveltybox_new' AND TABLE_NAME = 'originalform_ideabook'"
[2020/05/02 20:03:58] [SEARCH] [originalform_ideabook]検索："SELECT * FROM `originalform_ideabook` WHERE `receiptno` >= 9999000 ORDER BY `ID` ASC LIMIT 50 OFFSET 0"
[2020/05/02 20:03:58] [SEARCH] [originalform_ideabook]検索件数(SELECT)："SELECT COUNT(*) FROM `originalform_ideabook` WHERE `receiptno` >= 9999000"
[2020/05/02 20:04:03] [SEARCH] 検索件数(QUERY)："SELECT COLUMN_NAME, COLUMN_COMMENT FROM INFORMATION_SCHEMA.COLUMNS WHERE TABLE_SCHEMA = 'webstyle2_noveltybox_new' AND TABLE_NAME = 'originalform_ideabook'"
[2020/05/02 20:04:03] [SEARCH] [originalform_ideabook]検索："SELECT * FROM `originalform_ideabook` WHERE `receiptno` >= 9999002 ORDER BY `ID` ASC LIMIT 50 OFFSET 0"
[2020/05/02 20:04:03] [SEARCH] [originalform_ideabook]検索件数(SELECT)："SELECT COUNT(*) FROM `originalform_ideabook` WHERE `receiptno` >= 9999002"
[2020/05/02 20:04:06] [SEARCH] 検索件数(QUERY)："SELECT COLUMN_NAME, COLUMN_COMMENT FROM INFORMATION_SCHEMA.COLUMNS WHERE TABLE_SCHEMA = 'webstyle2_noveltybox_new' AND TABLE_NAME = 'originalform_ideabook'"
[2020/05/02 20:04:06] [SEARCH] [originalform_ideabook]検索："SELECT * FROM `originalform_ideabook` WHERE `receiptno` >= 9999001 ORDER BY `ID` ASC LIMIT 50 OFFSET 0"
[2020/05/02 20:04:06] [SEARCH] [originalform_ideabook]検索件数(SELECT)："SELECT COUNT(*) FROM `originalform_ideabook` WHERE `receiptno` >= 9999001"
[2020/05/02 20:04:14] [SEARCH] 検索件数(QUERY)："SELECT COLUMN_NAME, COLUMN_COMMENT FROM INFORMATION_SCHEMA.COLUMNS WHERE TABLE_SCHEMA = 'webstyle2_noveltybox_new' AND TABLE_NAME = 'originalform_ideabook'"
[2020/05/02 20:04:14] [SEARCH] [originalform_ideabook]検索："SELECT * FROM `originalform_ideabook` WHERE `receiptno` >= 9999001 AND `receiptno` <= 9999003 ORDER BY `ID` ASC LIMIT 50 OFFSET 0"
[2020/05/02 20:04:14] [SEARCH] [originalform_ideabook]検索件数(SELECT)："SELECT COUNT(*) FROM `originalform_ideabook` WHERE `receiptno` >= 9999001 AND `receiptno` <= 9999003"
[2020/05/02 20:04:17] [SEARCH] 検索件数(QUERY)："SELECT COLUMN_NAME, COLUMN_COMMENT FROM INFORMATION_SCHEMA.COLUMNS WHERE TABLE_SCHEMA = 'webstyle2_noveltybox_new' AND TABLE_NAME = 'originalform_ideabook'"
[2020/05/02 20:04:17] [SEARCH] [originalform_ideabook]検索："SELECT * FROM `originalform_ideabook` WHERE `receiptno` <= 9999003 ORDER BY `ID` ASC LIMIT 50 OFFSET 0"
[2020/05/02 20:04:17] [SEARCH] [originalform_ideabook]検索件数(SELECT)："SELECT COUNT(*) FROM `originalform_ideabook` WHERE `receiptno` <= 9999003"
[2020/05/02 20:04:25] [SEARCH] 検索件数(QUERY)："SELECT COLUMN_NAME, COLUMN_COMMENT FROM INFORMATION_SCHEMA.COLUMNS WHERE TABLE_SCHEMA = 'webstyle2_noveltybox_new' AND TABLE_NAME = 'originalform_mask'"
[2020/05/02 20:04:25] [SEARCH] [originalform_mask]検索："SELECT * FROM `originalform_mask` WHERE `receiptno` >= 9999001 AND `receiptno` <= 9999003 ORDER BY `ID` ASC LIMIT 50 OFFSET 0"
[2020/05/02 20:04:25] [SEARCH] [originalform_mask]検索件数(SELECT)："SELECT COUNT(*) FROM `originalform_mask` WHERE `receiptno` >= 9999001 AND `receiptno` <= 9999003"
[2020/05/02 20:04:30] [SEARCH] 検索件数(QUERY)："SELECT COLUMN_NAME, COLUMN_COMMENT FROM INFORMATION_SCHEMA.COLUMNS WHERE TABLE_SCHEMA = 'webstyle2_noveltybox_new' AND TABLE_NAME = 'originalform_ideabook'"
[2020/05/02 20:04:30] [SEARCH] [originalform_ideabook]検索："SELECT * FROM `originalform_ideabook`"
[2020/05/02 20:04:30] [SEARCH] [originalform_ideabook]検索件数(SELECT)："SELECT COUNT(*) FROM `originalform_ideabook`"
