[2020/05/01 10:25:34] [SEARCH] 検索件数(QUERY)："SELECT COLUMN_NAME, COLUMN_COMMENT FROM INFORMATION_SCHEMA.COLUMNS WHERE TABLE_SCHEMA = 'webstyle2_noveltybox_new' AND TABLE_NAME = 'originalform_mask'"
[2020/05/01 10:25:34] [SEARCH] [originalform_mask]検索："SELECT * FROM `originalform_mask` ORDER BY `ID` ASC LIMIT 50 OFFSET 0"
[2020/05/01 10:25:34] [SEARCH] [originalform_mask]検索件数(SELECT)："SELECT COUNT(*) FROM `originalform_mask`"
[2020/05/01 10:25:36] [SEARCH] 検索件数(QUERY)："SELECT COLUMN_NAME, COLUMN_COMMENT FROM INFORMATION_SCHEMA.COLUMNS WHERE TABLE_SCHEMA = 'webstyle2_noveltybox_new' AND TABLE_NAME = 'originalform_ideabook'"
[2020/05/01 10:25:36] [SEARCH] [originalform_ideabook]検索："SELECT * FROM `originalform_ideabook` ORDER BY `ID` ASC LIMIT 50 OFFSET 0"
[2020/05/01 10:25:36] [SEARCH] [originalform_ideabook]検索件数(SELECT)："SELECT COUNT(*) FROM `originalform_ideabook`"
[2020/05/01 10:25:39] [SEARCH] 検索件数(QUERY)："SELECT COLUMN_NAME, COLUMN_COMMENT FROM INFORMATION_SCHEMA.COLUMNS WHERE TABLE_SCHEMA = 'webstyle2_noveltybox_new' AND TABLE_NAME = 'originalform_ideabook'"
[2020/05/01 10:25:39] [SEARCH] [originalform_ideabook]検索："SELECT * FROM `originalform_ideabook` ORDER BY `ID` ASC LIMIT 50 OFFSET 0"
[2020/05/01 10:25:39] [SEARCH] [originalform_ideabook]検索件数(SELECT)："SELECT COUNT(*) FROM `originalform_ideabook`"
[2020/05/01 10:25:41] [SEARCH] 検索件数(QUERY)："SELECT COLUMN_NAME, COLUMN_COMMENT FROM INFORMATION_SCHEMA.COLUMNS WHERE TABLE_SCHEMA = 'webstyle2_noveltybox_new' AND TABLE_NAME = 'originalform_mask'"
[2020/05/01 10:25:41] [SEARCH] [originalform_mask]検索："SELECT * FROM `originalform_mask` ORDER BY `ID` ASC LIMIT 50 OFFSET 0"
[2020/05/01 10:25:41] [SEARCH] [originalform_mask]検索件数(SELECT)："SELECT COUNT(*) FROM `originalform_mask`"
[2020/05/01 10:34:38] [SEARCH] 検索件数(QUERY)："SELECT COLUMN_NAME, COLUMN_COMMENT FROM INFORMATION_SCHEMA.COLUMNS WHERE TABLE_SCHEMA = 'webstyle2_noveltybox_new' AND TABLE_NAME = 'originalform_mask'"
[2020/05/01 10:34:38] [SEARCH] [originalform_mask]検索："SELECT * FROM `originalform_mask` ORDER BY `ID` ASC LIMIT 50 OFFSET 0"
[2020/05/01 10:34:38] [SEARCH] [originalform_mask]検索件数(SELECT)："SELECT COUNT(*) FROM `originalform_mask`"
[2020/05/01 10:34:40] [SEARCH] 検索件数(QUERY)："SELECT COLUMN_NAME, COLUMN_COMMENT FROM INFORMATION_SCHEMA.COLUMNS WHERE TABLE_SCHEMA = 'webstyle2_noveltybox_new' AND TABLE_NAME = 'originalform_ideabook'"
[2020/05/01 10:34:40] [SEARCH] [originalform_ideabook]検索："SELECT * FROM `originalform_ideabook` ORDER BY `ID` ASC LIMIT 50 OFFSET 0"
[2020/05/01 10:34:40] [SEARCH] [originalform_ideabook]検索件数(SELECT)："SELECT COUNT(*) FROM `originalform_ideabook`"
[2020/05/01 10:34:43] [SEARCH] 検索件数(QUERY)："SELECT COLUMN_NAME, COLUMN_COMMENT FROM INFORMATION_SCHEMA.COLUMNS WHERE TABLE_SCHEMA = 'webstyle2_noveltybox_new' AND TABLE_NAME = 'originalform_ideabook'"
[2020/05/01 10:34:43] [SEARCH] [originalform_ideabook]検索："SELECT * FROM `originalform_ideabook` WHERE `dt_created` >= '2020-04-30 00:00:00' ORDER BY `ID` ASC LIMIT 50 OFFSET 0"
[2020/05/01 10:34:43] [SEARCH] [originalform_ideabook]検索件数(SELECT)："SELECT COUNT(*) FROM `originalform_ideabook` WHERE `dt_created` >= '2020-04-30 00:00:00'"
[2020/05/01 10:34:49] [SEARCH] 検索件数(QUERY)："SELECT COLUMN_NAME, COLUMN_COMMENT FROM INFORMATION_SCHEMA.COLUMNS WHERE TABLE_SCHEMA = 'webstyle2_noveltybox_new' AND TABLE_NAME = 'originalform_ideabook'"
[2020/05/01 10:34:49] [SEARCH] [originalform_ideabook]検索："SELECT * FROM `originalform_ideabook` WHERE `dt_created` <= '2020-04-30 23:59:59' ORDER BY `ID` ASC LIMIT 50 OFFSET 0"
[2020/05/01 10:34:49] [SEARCH] [originalform_ideabook]検索件数(SELECT)："SELECT COUNT(*) FROM `originalform_ideabook` WHERE `dt_created` <= '2020-04-30 23:59:59'"
[2020/05/01 10:34:50] [SEARCH] 検索件数(QUERY)："SELECT COLUMN_NAME, COLUMN_COMMENT FROM INFORMATION_SCHEMA.COLUMNS WHERE TABLE_SCHEMA = 'webstyle2_noveltybox_new' AND TABLE_NAME = 'originalform_ideabook'"
[2020/05/01 10:34:50] [SEARCH] [originalform_ideabook]検索："SELECT * FROM `originalform_ideabook` WHERE `dt_created` <= '2020-04-30 23:59:59' ORDER BY `ID` ASC LIMIT 50 OFFSET 0"
[2020/05/01 10:34:50] [SEARCH] [originalform_ideabook]検索件数(SELECT)："SELECT COUNT(*) FROM `originalform_ideabook` WHERE `dt_created` <= '2020-04-30 23:59:59'"
[2020/05/01 10:34:56] [SEARCH] 検索件数(QUERY)："SELECT COLUMN_NAME, COLUMN_COMMENT FROM INFORMATION_SCHEMA.COLUMNS WHERE TABLE_SCHEMA = 'webstyle2_noveltybox_new' AND TABLE_NAME = 'originalform_mask'"
[2020/05/01 10:34:56] [SEARCH] [originalform_mask]検索："SELECT * FROM `originalform_mask` WHERE `dt_created` <= '2020-04-30 23:59:59' ORDER BY `ID` ASC LIMIT 50 OFFSET 0"
[2020/05/01 10:34:56] [SEARCH] [originalform_mask]検索件数(SELECT)："SELECT COUNT(*) FROM `originalform_mask` WHERE `dt_created` <= '2020-04-30 23:59:59'"
