[2020/04/30 17:49:13] [SEARCH] 検索件数(QUERY)："SELECT COLUMN_NAME, COLUMN_COMMENT FROM INFORMATION_SCHEMA.COLUMNS WHERE TABLE_SCHEMA = 'webstyle2_noveltybox_new' AND TABLE_NAME = 'originalform_ideabook'"
[2020/04/30 17:49:13] [SEARCH] [originalform_ideabook]検索："SELECT * FROM `originalform_ideabook` ORDER BY `ID` ASC LIMIT 50 OFFSET 0"
[2020/04/30 17:49:13] [SEARCH] [originalform_ideabook]検索件数(SELECT)："SELECT COUNT(*) FROM `originalform_ideabook`"
[2020/04/30 17:49:15] [SEARCH] 検索件数(QUERY)："SELECT COLUMN_NAME, COLUMN_COMMENT FROM INFORMATION_SCHEMA.COLUMNS WHERE TABLE_SCHEMA = 'webstyle2_noveltybox_new' AND TABLE_NAME = 'originalform_mask'"
[2020/04/30 17:49:15] [SEARCH] [originalform_mask]検索："SELECT * FROM `originalform_mask` ORDER BY `ID` ASC LIMIT 50 OFFSET 0"
[2020/04/30 17:49:15] [SEARCH] [originalform_mask]検索件数(SELECT)："SELECT COUNT(*) FROM `originalform_mask`"
[2020/04/30 17:55:36] [SEARCH] 検索件数(QUERY)："SELECT COLUMN_NAME, COLUMN_COMMENT FROM INFORMATION_SCHEMA.COLUMNS WHERE TABLE_SCHEMA = 'webstyle2_noveltybox_new' AND TABLE_NAME = 'originalform_ideabook'"
[2020/04/30 17:55:36] [SEARCH] [originalform_ideabook]検索："SELECT * FROM `originalform_ideabook` ORDER BY `ID` ASC LIMIT 50 OFFSET 0"
[2020/04/30 17:55:36] [SEARCH] [originalform_ideabook]検索件数(SELECT)："SELECT COUNT(*) FROM `originalform_ideabook`"
[2020/04/30 17:55:59] [SEARCH] 検索件数(QUERY)："SELECT COLUMN_NAME, COLUMN_COMMENT FROM INFORMATION_SCHEMA.COLUMNS WHERE TABLE_SCHEMA = 'webstyle2_noveltybox_new' AND TABLE_NAME = 'originalform_ideabook'"
[2020/04/30 17:55:59] [SEARCH] [originalform_ideabook]検索："SELECT * FROM `originalform_ideabook` WHERE `receiptno` <= 1043074 ORDER BY `ID` ASC LIMIT 50 OFFSET 0"
[2020/04/30 17:55:59] [SEARCH] [originalform_ideabook]検索件数(SELECT)："SELECT COUNT(*) FROM `originalform_ideabook` WHERE `receiptno` <= 1043074"
[2020/04/30 17:56:02] [SEARCH] 検索件数(QUERY)："SELECT COLUMN_NAME, COLUMN_COMMENT FROM INFORMATION_SCHEMA.COLUMNS WHERE TABLE_SCHEMA = 'webstyle2_noveltybox_new' AND TABLE_NAME = 'originalform_mask'"
[2020/04/30 17:56:02] [SEARCH] [originalform_mask]検索："SELECT * FROM `originalform_mask` ORDER BY `ID` ASC LIMIT 50 OFFSET 0"
[2020/04/30 17:56:02] [SEARCH] [originalform_mask]検索件数(SELECT)："SELECT COUNT(*) FROM `originalform_mask`"
[2020/04/30 17:56:11] [SEARCH] 検索件数(QUERY)："SELECT COLUMN_NAME, COLUMN_COMMENT FROM INFORMATION_SCHEMA.COLUMNS WHERE TABLE_SCHEMA = 'webstyle2_noveltybox_new' AND TABLE_NAME = 'originalform_mask'"
[2020/04/30 17:56:11] [SEARCH] [originalform_mask]検索："SELECT * FROM `originalform_mask` WHERE `receiptno` >= 1043038 ORDER BY `ID` ASC LIMIT 50 OFFSET 0"
[2020/04/30 17:56:11] [SEARCH] [originalform_mask]検索件数(SELECT)："SELECT COUNT(*) FROM `originalform_mask` WHERE `receiptno` >= 1043038"
[2020/04/30 17:56:24] [SEARCH] 検索件数(QUERY)："SELECT COLUMN_NAME, COLUMN_COMMENT FROM INFORMATION_SCHEMA.COLUMNS WHERE TABLE_SCHEMA = 'webstyle2_noveltybox_new' AND TABLE_NAME = 'originalform_mask'"
[2020/04/30 17:56:24] [SEARCH] [originalform_mask]検索："SELECT * FROM `originalform_mask` WHERE `receiptno` >= 1043038"
[2020/04/30 17:56:24] [SEARCH] [originalform_mask]検索件数(SELECT)："SELECT COUNT(*) FROM `originalform_mask` WHERE `receiptno` >= 1043038"
[2020/04/30 17:56:27] [SEARCH] 検索件数(QUERY)："SELECT COLUMN_NAME, COLUMN_COMMENT FROM INFORMATION_SCHEMA.COLUMNS WHERE TABLE_SCHEMA = 'webstyle2_noveltybox_new' AND TABLE_NAME = 'originalform_ideabook'"
[2020/04/30 17:56:27] [SEARCH] [originalform_ideabook]検索："SELECT * FROM `originalform_ideabook` WHERE `receiptno` >= 1043038 ORDER BY `ID` ASC LIMIT 50 OFFSET 0"
[2020/04/30 17:56:27] [SEARCH] [originalform_ideabook]検索件数(SELECT)："SELECT COUNT(*) FROM `originalform_ideabook` WHERE `receiptno` >= 1043038"
[2020/04/30 17:56:35] [SEARCH] 検索件数(QUERY)："SELECT COLUMN_NAME, COLUMN_COMMENT FROM INFORMATION_SCHEMA.COLUMNS WHERE TABLE_SCHEMA = 'webstyle2_noveltybox_new' AND TABLE_NAME = 'originalform_ideabook'"
[2020/04/30 17:56:35] [SEARCH] [originalform_ideabook]検索："SELECT * FROM `originalform_ideabook` WHERE `receiptno` >= 1043081 ORDER BY `ID` ASC LIMIT 50 OFFSET 0"
[2020/04/30 17:56:35] [SEARCH] [originalform_ideabook]検索件数(SELECT)："SELECT COUNT(*) FROM `originalform_ideabook` WHERE `receiptno` >= 1043081"
[2020/04/30 17:56:37] [SEARCH] 検索件数(QUERY)："SELECT COLUMN_NAME, COLUMN_COMMENT FROM INFORMATION_SCHEMA.COLUMNS WHERE TABLE_SCHEMA = 'webstyle2_noveltybox_new' AND TABLE_NAME = 'originalform_ideabook'"
[2020/04/30 17:56:37] [SEARCH] [originalform_ideabook]検索："SELECT * FROM `originalform_ideabook` WHERE `receiptno` >= 1043081"
[2020/04/30 17:56:37] [SEARCH] [originalform_ideabook]検索件数(SELECT)："SELECT COUNT(*) FROM `originalform_ideabook` WHERE `receiptno` >= 1043081"
[2020/04/30 18:16:31] [SEARCH] 検索件数(QUERY)："SELECT COLUMN_NAME, COLUMN_COMMENT FROM INFORMATION_SCHEMA.COLUMNS WHERE TABLE_SCHEMA = 'webstyle2_noveltybox_new' AND TABLE_NAME = 'originalform_ideabook'"
[2020/04/30 18:16:31] [SEARCH] [originalform_ideabook]検索："SELECT * FROM `originalform_ideabook` WHERE `receiptno` >= 1043081 ORDER BY `ID` ASC LIMIT 50 OFFSET 0"
[2020/04/30 18:16:31] [SEARCH] [originalform_ideabook]検索件数(SELECT)："SELECT COUNT(*) FROM `originalform_ideabook` WHERE `receiptno` >= 1043081"
[2020/04/30 18:24:48] [SEARCH] 検索件数(QUERY)："SELECT COLUMN_NAME, COLUMN_COMMENT FROM INFORMATION_SCHEMA.COLUMNS WHERE TABLE_SCHEMA = 'webstyle2_noveltybox_new' AND TABLE_NAME = 'originalform_ideabook'"
[2020/04/30 18:24:48] [SEARCH] [originalform_ideabook]検索："SELECT * FROM `originalform_ideabook` ORDER BY `ID` ASC LIMIT 50 OFFSET 0"
[2020/04/30 18:24:48] [SEARCH] [originalform_ideabook]検索件数(SELECT)："SELECT COUNT(*) FROM `originalform_ideabook`"
[2020/04/30 18:31:25] [SEARCH] 検索件数(QUERY)："SELECT COLUMN_NAME, COLUMN_COMMENT FROM INFORMATION_SCHEMA.COLUMNS WHERE TABLE_SCHEMA = 'webstyle2_noveltybox_new' AND TABLE_NAME = 'originalform_mask'"
[2020/04/30 18:31:25] [SEARCH] [originalform_mask]検索："SELECT * FROM `originalform_mask`"
[2020/04/30 18:31:25] [SEARCH] [originalform_mask]検索件数(SELECT)："SELECT COUNT(*) FROM `originalform_mask`"
[2020/04/30 18:31:39] [SEARCH] 検索件数(QUERY)："SELECT COLUMN_NAME, COLUMN_COMMENT FROM INFORMATION_SCHEMA.COLUMNS WHERE TABLE_SCHEMA = 'webstyle2_noveltybox_new' AND TABLE_NAME = 'originalform_mask'"
[2020/04/30 18:31:39] [SEARCH] [originalform_mask]検索："SELECT * FROM `originalform_mask` ORDER BY `ID` ASC LIMIT 50 OFFSET 0"
[2020/04/30 18:31:39] [SEARCH] [originalform_mask]検索件数(SELECT)："SELECT COUNT(*) FROM `originalform_mask`"
[2020/04/30 18:31:42] [SEARCH] 検索件数(QUERY)："SELECT COLUMN_NAME, COLUMN_COMMENT FROM INFORMATION_SCHEMA.COLUMNS WHERE TABLE_SCHEMA = 'webstyle2_noveltybox_new' AND TABLE_NAME = 'originalform_ideabook'"
[2020/04/30 18:31:42] [SEARCH] [originalform_ideabook]検索："SELECT * FROM `originalform_ideabook` ORDER BY `ID` ASC LIMIT 50 OFFSET 0"
[2020/04/30 18:31:42] [SEARCH] [originalform_ideabook]検索件数(SELECT)："SELECT COUNT(*) FROM `originalform_ideabook`"
[2020/04/30 18:31:44] [SEARCH] 検索件数(QUERY)："SELECT COLUMN_NAME, COLUMN_COMMENT FROM INFORMATION_SCHEMA.COLUMNS WHERE TABLE_SCHEMA = 'webstyle2_noveltybox_new' AND TABLE_NAME = 'originalform_ideabook'"
[2020/04/30 18:31:44] [SEARCH] [originalform_ideabook]検索："SELECT * FROM `originalform_ideabook`"
[2020/04/30 18:31:44] [SEARCH] [originalform_ideabook]検索件数(SELECT)："SELECT COUNT(*) FROM `originalform_ideabook`"
[2020/04/30 18:32:24] [SEARCH] 検索件数(QUERY)："SELECT COLUMN_NAME, COLUMN_COMMENT FROM INFORMATION_SCHEMA.COLUMNS WHERE TABLE_SCHEMA = 'webstyle2_noveltybox_new' AND TABLE_NAME = 'originalform_ideabook'"
[2020/04/30 18:32:24] [SEARCH] [originalform_ideabook]検索："SELECT * FROM `originalform_ideabook` WHERE `dt_created` >= '2020-04-30 00:00:00' ORDER BY `ID` ASC LIMIT 50 OFFSET 0"
[2020/04/30 18:32:24] [SEARCH] [originalform_ideabook]検索件数(SELECT)："SELECT COUNT(*) FROM `originalform_ideabook` WHERE `dt_created` >= '2020-04-30 00:00:00'"
[2020/04/30 18:32:28] [SEARCH] 検索件数(QUERY)："SELECT COLUMN_NAME, COLUMN_COMMENT FROM INFORMATION_SCHEMA.COLUMNS WHERE TABLE_SCHEMA = 'webstyle2_noveltybox_new' AND TABLE_NAME = 'originalform_mask'"
[2020/04/30 18:32:28] [SEARCH] [originalform_mask]検索："SELECT * FROM `originalform_mask` WHERE `dt_created` >= '2020-04-30 00:00:00' ORDER BY `ID` ASC LIMIT 50 OFFSET 0"
[2020/04/30 18:32:28] [SEARCH] [originalform_mask]検索件数(SELECT)："SELECT COUNT(*) FROM `originalform_mask` WHERE `dt_created` >= '2020-04-30 00:00:00'"
[2020/04/30 18:32:37] [SEARCH] 検索件数(QUERY)："SELECT COLUMN_NAME, COLUMN_COMMENT FROM INFORMATION_SCHEMA.COLUMNS WHERE TABLE_SCHEMA = 'webstyle2_noveltybox_new' AND TABLE_NAME = 'originalform_ideabook'"
[2020/04/30 18:32:37] [SEARCH] [originalform_ideabook]検索："SELECT * FROM `originalform_ideabook` WHERE `dt_created` >= '2020-04-30 00:00:00' ORDER BY `ID` ASC LIMIT 50 OFFSET 0"
[2020/04/30 18:32:37] [SEARCH] [originalform_ideabook]検索件数(SELECT)："SELECT COUNT(*) FROM `originalform_ideabook` WHERE `dt_created` >= '2020-04-30 00:00:00'"
[2020/04/30 18:35:58] [SEARCH] 検索件数(QUERY)："SELECT COLUMN_NAME, COLUMN_COMMENT FROM INFORMATION_SCHEMA.COLUMNS WHERE TABLE_SCHEMA = 'webstyle2_noveltybox_new' AND TABLE_NAME = 'originalform_mask'"
[2020/04/30 18:35:58] [SEARCH] [originalform_mask]検索："SELECT * FROM `originalform_mask` ORDER BY `ID` ASC LIMIT 50 OFFSET 0"
[2020/04/30 18:35:58] [SEARCH] [originalform_mask]検索件数(SELECT)："SELECT COUNT(*) FROM `originalform_mask`"
[2020/04/30 18:36:02] [SEARCH] 検索件数(QUERY)："SELECT COLUMN_NAME, COLUMN_COMMENT FROM INFORMATION_SCHEMA.COLUMNS WHERE TABLE_SCHEMA = 'webstyle2_noveltybox_new' AND TABLE_NAME = 'originalform_ideabook'"
[2020/04/30 18:36:02] [SEARCH] [originalform_ideabook]検索："SELECT * FROM `originalform_ideabook` ORDER BY `ID` ASC LIMIT 50 OFFSET 0"
[2020/04/30 18:36:02] [SEARCH] [originalform_ideabook]検索件数(SELECT)："SELECT COUNT(*) FROM `originalform_ideabook`"
[2020/04/30 18:36:04] [SEARCH] 検索件数(QUERY)："SELECT COLUMN_NAME, COLUMN_COMMENT FROM INFORMATION_SCHEMA.COLUMNS WHERE TABLE_SCHEMA = 'webstyle2_noveltybox_new' AND TABLE_NAME = 'originalform_ideabook'"
[2020/04/30 18:36:04] [SEARCH] [originalform_ideabook]検索："SELECT * FROM `originalform_ideabook`"
[2020/04/30 18:36:04] [SEARCH] [originalform_ideabook]検索件数(SELECT)："SELECT COUNT(*) FROM `originalform_ideabook`"
[2020/04/30 18:39:40] [SEARCH] 検索件数(QUERY)："SELECT COLUMN_NAME, COLUMN_COMMENT FROM INFORMATION_SCHEMA.COLUMNS WHERE TABLE_SCHEMA = 'webstyle2_noveltybox_new' AND TABLE_NAME = 'originalform_ideabook'"
[2020/04/30 18:39:40] [SEARCH] [originalform_ideabook]検索："SELECT * FROM `originalform_ideabook` ORDER BY `ID` ASC LIMIT 50 OFFSET 0"
[2020/04/30 18:39:40] [SEARCH] [originalform_ideabook]検索件数(SELECT)："SELECT COUNT(*) FROM `originalform_ideabook`"
