[2020/05/08 10:11:25] [SEARCH] 検索件数(QUERY)："SELECT COLUMN_NAME, COLUMN_COMMENT FROM INFORMATION_SCHEMA.COLUMNS WHERE TABLE_SCHEMA = 'webstyle2_noveltybox_new' AND TABLE_NAME = 'originalform_mask'"
[2020/05/08 10:11:25] [SEARCH] [originalform_mask]検索："SELECT * FROM `originalform_mask` ORDER BY `ID` ASC LIMIT 50 OFFSET 0"
[2020/05/08 10:11:25] [SEARCH] [originalform_mask]検索件数(SELECT)："SELECT COUNT(*) FROM `originalform_mask`"
[2020/05/08 10:11:26] [SEARCH] 検索件数(QUERY)："SELECT COLUMN_NAME, COLUMN_COMMENT FROM INFORMATION_SCHEMA.COLUMNS WHERE TABLE_SCHEMA = 'webstyle2_noveltybox_new' AND TABLE_NAME = 'originalform_mask'"
[2020/05/08 10:11:26] [SEARCH] [originalform_mask]検索："SELECT * FROM `originalform_mask`"
[2020/05/08 10:11:26] [SEARCH] [originalform_mask]検索件数(SELECT)："SELECT COUNT(*) FROM `originalform_mask`"
[2020/05/08 11:52:35] [SEARCH] 検索件数(QUERY)："SELECT COLUMN_NAME, COLUMN_COMMENT FROM INFORMATION_SCHEMA.COLUMNS WHERE TABLE_SCHEMA = 'webstyle2_noveltybox_new' AND TABLE_NAME = 'originalform_mask'"
[2020/05/08 11:52:35] [SEARCH] [originalform_mask]検索："SELECT * FROM `originalform_mask` ORDER BY `ID` ASC LIMIT 50 OFFSET 0"
[2020/05/08 11:52:35] [SEARCH] [originalform_mask]検索件数(SELECT)："SELECT COUNT(*) FROM `originalform_mask`"
[2020/05/08 11:54:47] [SEARCH] 検索件数(QUERY)："SELECT COLUMN_NAME, COLUMN_COMMENT FROM INFORMATION_SCHEMA.COLUMNS WHERE TABLE_SCHEMA = 'webstyle2_noveltybox_new' AND TABLE_NAME = 'originalform_mask'"
[2020/05/08 11:54:47] [SEARCH] [originalform_mask]検索："SELECT * FROM `originalform_mask` ORDER BY `ID` ASC LIMIT 50 OFFSET 0"
[2020/05/08 11:54:47] [SEARCH] [originalform_mask]検索件数(SELECT)："SELECT COUNT(*) FROM `originalform_mask`"
[2020/05/08 11:56:43] [SEARCH] 検索件数(QUERY)："SELECT COLUMN_NAME, COLUMN_COMMENT FROM INFORMATION_SCHEMA.COLUMNS WHERE TABLE_SCHEMA = 'webstyle2_noveltybox_new' AND TABLE_NAME = 'originalform_mask'"
[2020/05/08 11:56:43] [SEARCH] [originalform_mask]検索："SELECT * FROM `originalform_mask` ORDER BY `ID` ASC LIMIT 50 OFFSET 0"
[2020/05/08 11:56:43] [SEARCH] [originalform_mask]検索件数(SELECT)："SELECT COUNT(*) FROM `originalform_mask`"
[2020/05/08 12:04:03] [SEARCH] 検索件数(QUERY)："SELECT COLUMN_NAME, COLUMN_COMMENT FROM INFORMATION_SCHEMA.COLUMNS WHERE TABLE_SCHEMA = 'webstyle2_noveltybox_new' AND TABLE_NAME = 'originalform_mask'"
[2020/05/08 12:04:03] [SEARCH] [originalform_mask]検索："SELECT * FROM `originalform_mask` ORDER BY `ID` ASC LIMIT 50 OFFSET 0"
[2020/05/08 12:04:03] [SEARCH] [originalform_mask]検索件数(SELECT)："SELECT COUNT(*) FROM `originalform_mask`"
[2020/05/08 13:02:34] [SEARCH] 検索件数(QUERY)："SELECT COLUMN_NAME, COLUMN_COMMENT FROM INFORMATION_SCHEMA.COLUMNS WHERE TABLE_SCHEMA = 'webstyle2_noveltybox_new' AND TABLE_NAME = 'originalform_mask'"
[2020/05/08 13:02:34] [SEARCH] [originalform_mask]検索："SELECT * FROM `originalform_mask`"
[2020/05/08 13:02:34] [SEARCH] [originalform_mask]検索件数(SELECT)："SELECT COUNT(*) FROM `originalform_mask`"
[2020/05/08 13:05:25] [SEARCH] 検索件数(QUERY)："SELECT COLUMN_NAME, COLUMN_COMMENT FROM INFORMATION_SCHEMA.COLUMNS WHERE TABLE_SCHEMA = 'webstyle2_noveltybox_new' AND TABLE_NAME = 'originalform_mask'"
[2020/05/08 13:05:25] [SEARCH] [originalform_mask]検索："SELECT * FROM `originalform_mask` ORDER BY `ID` ASC LIMIT 50 OFFSET 0"
[2020/05/08 13:05:25] [SEARCH] [originalform_mask]検索件数(SELECT)："SELECT COUNT(*) FROM `originalform_mask`"
[2020/05/08 13:06:02] [SEARCH] 検索件数(QUERY)："SELECT COLUMN_NAME, COLUMN_COMMENT FROM INFORMATION_SCHEMA.COLUMNS WHERE TABLE_SCHEMA = 'webstyle2_noveltybox_new' AND TABLE_NAME = 'originalform_mask'"
[2020/05/08 13:06:02] [SEARCH] [originalform_mask]検索："SELECT * FROM `originalform_mask` ORDER BY `ID` ASC LIMIT 50 OFFSET 0"
[2020/05/08 13:06:02] [SEARCH] [originalform_mask]検索件数(SELECT)："SELECT COUNT(*) FROM `originalform_mask`"
[2020/05/08 13:06:16] [SEARCH] 検索件数(QUERY)："SELECT COLUMN_NAME, COLUMN_COMMENT FROM INFORMATION_SCHEMA.COLUMNS WHERE TABLE_SCHEMA = 'webstyle2_noveltybox_new' AND TABLE_NAME = 'originalform_mask'"
[2020/05/08 13:06:16] [SEARCH] [originalform_mask]検索："SELECT * FROM `originalform_mask`"
[2020/05/08 13:06:16] [SEARCH] [originalform_mask]検索件数(SELECT)："SELECT COUNT(*) FROM `originalform_mask`"
[2020/05/08 13:16:16] [SEARCH] 検索件数(QUERY)："SELECT COLUMN_NAME, COLUMN_COMMENT FROM INFORMATION_SCHEMA.COLUMNS WHERE TABLE_SCHEMA = 'webstyle2_noveltybox_new' AND TABLE_NAME = 'originalform_mask'"
[2020/05/08 13:16:16] [SEARCH] [originalform_mask]検索："SELECT * FROM `originalform_mask` ORDER BY `ID` ASC LIMIT 50 OFFSET 0"
[2020/05/08 13:16:16] [SEARCH] [originalform_mask]検索件数(SELECT)："SELECT COUNT(*) FROM `originalform_mask`"
[2020/05/08 13:16:17] [SEARCH] 検索件数(QUERY)："SELECT COLUMN_NAME, COLUMN_COMMENT FROM INFORMATION_SCHEMA.COLUMNS WHERE TABLE_SCHEMA = 'webstyle2_noveltybox_new' AND TABLE_NAME = 'originalform_mask'"
[2020/05/08 13:16:17] [SEARCH] [originalform_mask]検索："SELECT * FROM `originalform_mask` ORDER BY `ID` ASC LIMIT 50 OFFSET 0"
[2020/05/08 13:16:17] [SEARCH] [originalform_mask]検索件数(SELECT)："SELECT COUNT(*) FROM `originalform_mask`"
[2020/05/08 13:17:04] [SEARCH] 検索件数(QUERY)："SELECT COLUMN_NAME, COLUMN_COMMENT FROM INFORMATION_SCHEMA.COLUMNS WHERE TABLE_SCHEMA = 'webstyle2_noveltybox_new' AND TABLE_NAME = 'originalform_mask'"
[2020/05/08 13:17:04] [SEARCH] [originalform_mask]検索："SELECT * FROM `originalform_mask` ORDER BY `ID` ASC LIMIT 50 OFFSET 0"
[2020/05/08 13:17:04] [SEARCH] [originalform_mask]検索件数(SELECT)："SELECT COUNT(*) FROM `originalform_mask`"
[2020/05/08 13:17:36] [SEARCH] 検索件数(QUERY)："SELECT COLUMN_NAME, COLUMN_COMMENT FROM INFORMATION_SCHEMA.COLUMNS WHERE TABLE_SCHEMA = 'webstyle2_noveltybox_new' AND TABLE_NAME = 'originalform_mask'"
[2020/05/08 13:17:36] [SEARCH] [originalform_mask]検索："SELECT * FROM `originalform_mask` ORDER BY `ID` ASC LIMIT 50 OFFSET 0"
[2020/05/08 13:17:36] [SEARCH] [originalform_mask]検索件数(SELECT)："SELECT COUNT(*) FROM `originalform_mask`"
[2020/05/08 13:17:40] [SEARCH] 検索件数(QUERY)："SELECT COLUMN_NAME, COLUMN_COMMENT FROM INFORMATION_SCHEMA.COLUMNS WHERE TABLE_SCHEMA = 'webstyle2_noveltybox_new' AND TABLE_NAME = 'originalform_mask'"
[2020/05/08 13:17:40] [SEARCH] [originalform_mask]検索："SELECT * FROM `originalform_mask` ORDER BY `ID` ASC LIMIT 50 OFFSET 0"
[2020/05/08 13:17:40] [SEARCH] [originalform_mask]検索件数(SELECT)："SELECT COUNT(*) FROM `originalform_mask`"
[2020/05/08 13:17:42] [SEARCH] 検索件数(QUERY)："SELECT COLUMN_NAME, COLUMN_COMMENT FROM INFORMATION_SCHEMA.COLUMNS WHERE TABLE_SCHEMA = 'webstyle2_noveltybox_new' AND TABLE_NAME = 'originalform_ideabook'"
[2020/05/08 13:17:42] [SEARCH] [originalform_ideabook]検索："SELECT * FROM `originalform_ideabook` ORDER BY `ID` ASC LIMIT 50 OFFSET 0"
[2020/05/08 13:17:42] [SEARCH] [originalform_ideabook]検索件数(SELECT)："SELECT COUNT(*) FROM `originalform_ideabook`"
[2020/05/08 13:17:44] [SEARCH] 検索件数(QUERY)："SELECT COLUMN_NAME, COLUMN_COMMENT FROM INFORMATION_SCHEMA.COLUMNS WHERE TABLE_SCHEMA = 'webstyle2_noveltybox_new' AND TABLE_NAME = 'originalform_mask'"
[2020/05/08 13:17:44] [SEARCH] [originalform_mask]検索："SELECT * FROM `originalform_mask` ORDER BY `ID` ASC LIMIT 50 OFFSET 0"
[2020/05/08 13:17:44] [SEARCH] [originalform_mask]検索件数(SELECT)："SELECT COUNT(*) FROM `originalform_mask`"
[2020/05/08 13:17:46] [SEARCH] 検索件数(QUERY)："SELECT COLUMN_NAME, COLUMN_COMMENT FROM INFORMATION_SCHEMA.COLUMNS WHERE TABLE_SCHEMA = 'webstyle2_noveltybox_new' AND TABLE_NAME = 'originalform_ideabook'"
[2020/05/08 13:17:46] [SEARCH] [originalform_ideabook]検索："SELECT * FROM `originalform_ideabook` ORDER BY `ID` ASC LIMIT 50 OFFSET 0"
[2020/05/08 13:17:46] [SEARCH] [originalform_ideabook]検索件数(SELECT)："SELECT COUNT(*) FROM `originalform_ideabook`"
[2020/05/08 13:17:48] [SEARCH] 検索件数(QUERY)："SELECT COLUMN_NAME, COLUMN_COMMENT FROM INFORMATION_SCHEMA.COLUMNS WHERE TABLE_SCHEMA = 'webstyle2_noveltybox_new' AND TABLE_NAME = 'originalform_mask'"
[2020/05/08 13:17:48] [SEARCH] [originalform_mask]検索："SELECT * FROM `originalform_mask` ORDER BY `ID` ASC LIMIT 50 OFFSET 0"
[2020/05/08 13:17:48] [SEARCH] [originalform_mask]検索件数(SELECT)："SELECT COUNT(*) FROM `originalform_mask`"
[2020/05/08 16:39:43] [SEARCH] 検索件数(QUERY)："SELECT COLUMN_NAME, COLUMN_COMMENT FROM INFORMATION_SCHEMA.COLUMNS WHERE TABLE_SCHEMA = 'webstyle2_noveltybox_new' AND TABLE_NAME = 'originalform_mask'"
[2020/05/08 16:39:43] [SEARCH] [originalform_mask]検索："SELECT * FROM `originalform_mask` ORDER BY `ID` ASC LIMIT 50 OFFSET 0"
[2020/05/08 16:39:43] [SEARCH] [originalform_mask]検索件数(SELECT)："SELECT COUNT(*) FROM `originalform_mask`"
[2020/05/08 16:39:57] [SEARCH] 検索件数(QUERY)："SELECT COLUMN_NAME, COLUMN_COMMENT FROM INFORMATION_SCHEMA.COLUMNS WHERE TABLE_SCHEMA = 'webstyle2_noveltybox_new' AND TABLE_NAME = 'originalform_mask'"
[2020/05/08 16:39:57] [SEARCH] [originalform_mask]検索："SELECT * FROM `originalform_mask`"
[2020/05/08 16:39:57] [SEARCH] [originalform_mask]検索件数(SELECT)："SELECT COUNT(*) FROM `originalform_mask`"
[2020/05/08 16:52:50] [SEARCH] 検索件数(QUERY)："SELECT COLUMN_NAME, COLUMN_COMMENT FROM INFORMATION_SCHEMA.COLUMNS WHERE TABLE_SCHEMA = 'webstyle2_noveltybox_new' AND TABLE_NAME = 'originalform_mask'"
[2020/05/08 16:52:50] [SEARCH] [originalform_mask]検索："SELECT * FROM `originalform_mask` ORDER BY `ID` ASC LIMIT 50 OFFSET 0"
[2020/05/08 16:52:50] [SEARCH] [originalform_mask]検索件数(SELECT)："SELECT COUNT(*) FROM `originalform_mask`"
[2020/05/08 17:02:40] [SEARCH] 検索件数(QUERY)："SELECT COLUMN_NAME, COLUMN_COMMENT FROM INFORMATION_SCHEMA.COLUMNS WHERE TABLE_SCHEMA = 'webstyle2_noveltybox_new' AND TABLE_NAME = 'originalform_mask'"
[2020/05/08 17:02:40] [SEARCH] [originalform_mask]検索："SELECT * FROM `originalform_mask` ORDER BY `ID` ASC LIMIT 50 OFFSET 0"
[2020/05/08 17:02:40] [SEARCH] [originalform_mask]検索件数(SELECT)："SELECT COUNT(*) FROM `originalform_mask`"
[2020/05/08 17:55:57] [SEARCH] 検索件数(QUERY)："SELECT COLUMN_NAME, COLUMN_COMMENT FROM INFORMATION_SCHEMA.COLUMNS WHERE TABLE_SCHEMA = 'webstyle2_noveltybox_new' AND TABLE_NAME = 'originalform_mask'"
[2020/05/08 17:55:57] [SEARCH] [originalform_mask]検索："SELECT * FROM `originalform_mask` ORDER BY `ID` ASC LIMIT 50 OFFSET 0"
[2020/05/08 17:55:57] [SEARCH] [originalform_mask]検索件数(SELECT)："SELECT COUNT(*) FROM `originalform_mask`"
[2020/05/08 18:32:35] [SEARCH] 検索件数(QUERY)："SELECT COLUMN_NAME, COLUMN_COMMENT FROM INFORMATION_SCHEMA.COLUMNS WHERE TABLE_SCHEMA = 'webstyle2_noveltybox_new' AND TABLE_NAME = 'originalform_mask'"
[2020/05/08 18:32:35] [SEARCH] [originalform_mask]検索："SELECT * FROM `originalform_mask` ORDER BY `ID` ASC LIMIT 50 OFFSET 0"
[2020/05/08 18:32:35] [SEARCH] [originalform_mask]検索件数(SELECT)："SELECT COUNT(*) FROM `originalform_mask`"
[2020/05/08 18:35:07] [SEARCH] 検索件数(QUERY)："SELECT COLUMN_NAME, COLUMN_COMMENT FROM INFORMATION_SCHEMA.COLUMNS WHERE TABLE_SCHEMA = 'webstyle2_noveltybox_new' AND TABLE_NAME = 'originalform_mask'"
[2020/05/08 18:35:07] [SEARCH] [originalform_mask]検索："SELECT * FROM `originalform_mask` ORDER BY `ID` ASC LIMIT 50 OFFSET 0"
[2020/05/08 18:35:07] [SEARCH] [originalform_mask]検索件数(SELECT)："SELECT COUNT(*) FROM `originalform_mask`"
