[2020/05/14 11:01:05] [INFO] "QUERY：SELECT COLUMN_NAME, COLUMN_COMMENT FROM INFORMATION_SCHEMA.COLUMNS WHERE TABLE_SCHEMA = 'webstyle2_noveltybox_new' AND TABLE_NAME = 'originalform_mask'"
[2020/05/14 11:01:05] [INFO] "[originalform_mask]SELECT：SELECT * FROM `originalform_mask` ORDER BY `ID` ASC LIMIT 50 OFFSET 0"
[2020/05/14 11:01:05] [INFO] "[originalform_mask]件数(COUNT)：SELECT COUNT(*) FROM `originalform_mask`"
[2020/05/14 11:07:52] [INFO] "QUERY：SELECT COLUMN_NAME, COLUMN_COMMENT FROM INFORMATION_SCHEMA.COLUMNS WHERE TABLE_SCHEMA = 'webstyle2_noveltybox_new' AND TABLE_NAME = 'originalform_mask'"
[2020/05/14 11:07:52] [INFO] "[originalform_mask]SELECT：SELECT * FROM `originalform_mask` ORDER BY `ID` ASC LIMIT 50 OFFSET 0"
[2020/05/14 11:07:52] [INFO] "[originalform_mask]件数(COUNT)：SELECT COUNT(*) FROM `originalform_mask`"
[2020/05/14 13:36:32] [INFO] "[originalform_ideabook]新データ：[ID:12]{\"name\":\"テスト\",\"receiptno\":\"9999007\",\"office_name\":\"テスト\",\"department\":\"テスト\",\"tel\":\"000-000-000\",\"fax\":\"--\",\"mail\":\"mary.angeleque.padon@pripress.co.jp\",\"zip\":\"064-0810\",\"addr1\":\"北海道札幌市中央区\",\"addr2\":\"南十条西\",\"amount\":\"1\",\"payment_type\":\"\",\"freetext\":\"\",\"dt_created\":\"2020-05-14 13:36:32\"}"
[2020/05/14 13:38:26] [INFO] "QUERY：SELECT COLUMN_NAME, COLUMN_COMMENT FROM INFORMATION_SCHEMA.COLUMNS WHERE TABLE_SCHEMA = 'webstyle2_noveltybox_new' AND TABLE_NAME = 'originalform_ideabook'"
[2020/05/14 13:38:26] [INFO] "[originalform_ideabook]SELECT：SELECT * FROM `originalform_ideabook` ORDER BY `ID` ASC LIMIT 50 OFFSET 0"
[2020/05/14 13:38:26] [INFO] "[originalform_ideabook]件数(COUNT)：SELECT COUNT(*) FROM `originalform_ideabook`"
[2020/05/14 13:40:47] [INFO] "[originalform_ideabook]新データ：[ID:13]{\"name\":\"テスト\",\"receiptno\":\"9999008\",\"office_name\":\"テスト\",\"department\":\"テスト\",\"tel\":\"000-000-000\",\"fax\":\"--\",\"mail\":\"mary.angeleque.padon@pripress.co.jp\",\"zip\":\"064-0810\",\"addr1\":\"北海道札幌市中央区\",\"addr2\":\"南十条西\",\"amount\":\"1\",\"payment_type\":\"代引決済（手数料300円）\",\"freetext\":\"\",\"dt_created\":\"2020-05-14 13:40:47\"}"
[2020/05/14 13:40:57] [INFO] "QUERY：SELECT COLUMN_NAME, COLUMN_COMMENT FROM INFORMATION_SCHEMA.COLUMNS WHERE TABLE_SCHEMA = 'webstyle2_noveltybox_new' AND TABLE_NAME = 'originalform_ideabook'"
[2020/05/14 13:40:57] [INFO] "[originalform_ideabook]SELECT：SELECT * FROM `originalform_ideabook` ORDER BY `ID` ASC LIMIT 50 OFFSET 0"
[2020/05/14 13:40:57] [INFO] "[originalform_ideabook]件数(COUNT)：SELECT COUNT(*) FROM `originalform_ideabook`"
[2020/05/14 13:41:27] [INFO] "QUERY：SELECT COLUMN_NAME, COLUMN_COMMENT FROM INFORMATION_SCHEMA.COLUMNS WHERE TABLE_SCHEMA = 'webstyle2_noveltybox_new' AND TABLE_NAME = 'originalform_ideabook'"
[2020/05/14 13:41:27] [INFO] "[originalform_ideabook]SELECT：SELECT * FROM `originalform_ideabook` ORDER BY `ID` ASC LIMIT 50 OFFSET 0"
[2020/05/14 13:41:27] [INFO] "[originalform_ideabook]件数(COUNT)：SELECT COUNT(*) FROM `originalform_ideabook`"
[2020/05/14 15:04:14] [INFO] "[originalform_ideabook]新データ：[ID:14]{\"name\":\"TEST担当\",\"receiptno\":\"9999009\",\"office_name\":\"TEST法人\",\"department\":\"TEST部署\",\"tel\":\"000-0000-0000\",\"fax\":\"--\",\"mail\":\"minoru.otoshi@pripress.co.jp\",\"zip\":\"000-0000\",\"addr1\":\"じゅうしょ１\",\"addr2\":\"\",\"amount\":\"10\",\"payment_type\":\"代引決済（手数料300円）\",\"freetext\":\"\",\"dt_created\":\"2020-05-14 15:04:14\"}"
[2020/05/14 15:05:12] [INFO] "QUERY：SELECT COLUMN_NAME, COLUMN_COMMENT FROM INFORMATION_SCHEMA.COLUMNS WHERE TABLE_SCHEMA = 'webstyle2_noveltybox_new' AND TABLE_NAME = 'originalform_ideabook'"
[2020/05/14 15:05:12] [INFO] "[originalform_ideabook]SELECT：SELECT * FROM `originalform_ideabook` ORDER BY `ID` ASC LIMIT 50 OFFSET 0"
[2020/05/14 15:05:12] [INFO] "[originalform_ideabook]件数(COUNT)：SELECT COUNT(*) FROM `originalform_ideabook`"
[2020/05/14 15:16:29] [INFO] "QUERY：SELECT COLUMN_NAME, COLUMN_COMMENT FROM INFORMATION_SCHEMA.COLUMNS WHERE TABLE_SCHEMA = 'webstyle2_noveltybox_new' AND TABLE_NAME = 'originalform_ideabook'"
[2020/05/14 15:16:29] [INFO] "[originalform_ideabook]SELECT：SELECT * FROM `originalform_ideabook` ORDER BY `ID` ASC LIMIT 50 OFFSET 0"
[2020/05/14 15:16:29] [INFO] "[originalform_ideabook]件数(COUNT)：SELECT COUNT(*) FROM `originalform_ideabook`"
